ARM GAS  /tmp/ccztG7uS.s 			page 1


   1              		.cpu cortex-m0plus
   2              		.fpu softvfp
   3              		.eabi_attribute 20, 1
   4              		.eabi_attribute 21, 1
   5              		.eabi_attribute 23, 3
   6              		.eabi_attribute 24, 1
   7              		.eabi_attribute 25, 1
   8              		.eabi_attribute 26, 1
   9              		.eabi_attribute 30, 1
  10              		.eabi_attribute 34, 0
  11              		.eabi_attribute 18, 4
  12              		.code	16
  13              		.file	"stm32l0xx_it.c"
  14              		.text
  15              	.Ltext0:
  16              		.cfi_sections	.debug_frame
  17              		.section	.text.NMI_Handler,"ax",%progbits
  18              		.align	2
  19              		.global	NMI_Handler
  20              		.code	16
  21              		.thumb_func
  23              	NMI_Handler:
  24              	.LFB36:
  25              		.file 1 "Src/stm32l0xx_it.c"
   1:Src/stm32l0xx_it.c **** /**
   2:Src/stm32l0xx_it.c ****   ******************************************************************************
   3:Src/stm32l0xx_it.c ****   * @file    stm32l0xx_it.c
   4:Src/stm32l0xx_it.c ****   * @brief   Interrupt Service Routines.
   5:Src/stm32l0xx_it.c ****   ******************************************************************************
   6:Src/stm32l0xx_it.c ****   *
   7:Src/stm32l0xx_it.c ****   * COPYRIGHT(c) 2019 STMicroelectronics
   8:Src/stm32l0xx_it.c ****   *
   9:Src/stm32l0xx_it.c ****   * Redistribution and use in source and binary forms, with or without modification,
  10:Src/stm32l0xx_it.c ****   * are permitted provided that the following conditions are met:
  11:Src/stm32l0xx_it.c ****   *   1. Redistributions of source code must retain the above copyright notice,
  12:Src/stm32l0xx_it.c ****   *      this list of conditions and the following disclaimer.
  13:Src/stm32l0xx_it.c ****   *   2. Redistributions in binary form must reproduce the above copyright notice,
  14:Src/stm32l0xx_it.c ****   *      this list of conditions and the following disclaimer in the documentation
  15:Src/stm32l0xx_it.c ****   *      and/or other materials provided with the distribution.
  16:Src/stm32l0xx_it.c ****   *   3. Neither the name of STMicroelectronics nor the names of its contributors
  17:Src/stm32l0xx_it.c ****   *      may be used to endorse or promote products derived from this software
  18:Src/stm32l0xx_it.c ****   *      without specific prior written permission.
  19:Src/stm32l0xx_it.c ****   *
  20:Src/stm32l0xx_it.c ****   * THIS SOFTWARE IS PROVIDED BY THE COPYRIGHT HOLDERS AND CONTRIBUTORS "AS IS"
  21:Src/stm32l0xx_it.c ****   * AND ANY EXPRESS OR IMPLIED WARRANTIES, INCLUDING, BUT NOT LIMITED TO, THE
  22:Src/stm32l0xx_it.c ****   * IMPLIED WARRANTIES OF MERCHANTABILITY AND FITNESS FOR A PARTICULAR PURPOSE ARE
  23:Src/stm32l0xx_it.c ****   * DISCLAIMED. IN NO EVENT SHALL THE COPYRIGHT HOLDER OR CONTRIBUTORS BE LIABLE
  24:Src/stm32l0xx_it.c ****   * FOR ANY DIRECT, INDIRECT, INCIDENTAL, SPECIAL, EXEMPLARY, OR CONSEQUENTIAL
  25:Src/stm32l0xx_it.c ****   * DAMAGES (INCLUDING, BUT NOT LIMITED TO, PROCUREMENT OF SUBSTITUTE GOODS OR
  26:Src/stm32l0xx_it.c ****   * SERVICES; LOSS OF USE, DATA, OR PROFITS; OR BUSINESS INTERRUPTION) HOWEVER
  27:Src/stm32l0xx_it.c ****   * CAUSED AND ON ANY THEORY OF LIABILITY, WHETHER IN CONTRACT, STRICT LIABILITY,
  28:Src/stm32l0xx_it.c ****   * OR TORT (INCLUDING NEGLIGENCE OR OTHERWISE) ARISING IN ANY WAY OUT OF THE USE
  29:Src/stm32l0xx_it.c ****   * OF THIS SOFTWARE, EVEN IF ADVISED OF THE POSSIBILITY OF SUCH DAMAGE.
  30:Src/stm32l0xx_it.c ****   *
  31:Src/stm32l0xx_it.c ****   ******************************************************************************
  32:Src/stm32l0xx_it.c ****   */
  33:Src/stm32l0xx_it.c **** /* Includes ------------------------------------------------------------------*/
ARM GAS  /tmp/ccztG7uS.s 			page 2


  34:Src/stm32l0xx_it.c **** #include "stm32l0xx_hal.h"
  35:Src/stm32l0xx_it.c **** #include "stm32l0xx.h"
  36:Src/stm32l0xx_it.c **** #include "stm32l0xx_it.h"
  37:Src/stm32l0xx_it.c **** 
  38:Src/stm32l0xx_it.c **** /* USER CODE BEGIN 0 */
  39:Src/stm32l0xx_it.c **** 
  40:Src/stm32l0xx_it.c **** /* USER CODE END 0 */
  41:Src/stm32l0xx_it.c **** 
  42:Src/stm32l0xx_it.c **** /* External variables --------------------------------------------------------*/
  43:Src/stm32l0xx_it.c **** extern TIM_HandleTypeDef htim2;
  44:Src/stm32l0xx_it.c **** extern TIM_HandleTypeDef htim6;
  45:Src/stm32l0xx_it.c **** extern TIM_HandleTypeDef htim21;
  46:Src/stm32l0xx_it.c **** 
  47:Src/stm32l0xx_it.c **** /******************************************************************************/
  48:Src/stm32l0xx_it.c **** /*            Cortex-M0+ Processor Interruption and Exception Handlers         */ 
  49:Src/stm32l0xx_it.c **** /******************************************************************************/
  50:Src/stm32l0xx_it.c **** 
  51:Src/stm32l0xx_it.c **** /**
  52:Src/stm32l0xx_it.c **** * @brief This function handles Non maskable interrupt.
  53:Src/stm32l0xx_it.c **** */
  54:Src/stm32l0xx_it.c **** void NMI_Handler(void)
  55:Src/stm32l0xx_it.c **** {
  26              		.loc 1 55 0
  27              		.cfi_startproc
  56:Src/stm32l0xx_it.c ****   /* USER CODE BEGIN NonMaskableInt_IRQn 0 */
  57:Src/stm32l0xx_it.c **** 
  58:Src/stm32l0xx_it.c ****   /* USER CODE END NonMaskableInt_IRQn 0 */
  59:Src/stm32l0xx_it.c ****   /* USER CODE BEGIN NonMaskableInt_IRQn 1 */
  60:Src/stm32l0xx_it.c **** 
  61:Src/stm32l0xx_it.c ****   /* USER CODE END NonMaskableInt_IRQn 1 */
  62:Src/stm32l0xx_it.c **** }
  28              		.loc 1 62 0
  29              		@ sp needed
  30 0000 7047     		bx	lr
  31              		.cfi_endproc
  32              	.LFE36:
  34 0002 C046     		.section	.text.HardFault_Handler,"ax",%progbits
  35              		.align	2
  36              		.global	HardFault_Handler
  37              		.code	16
  38              		.thumb_func
  40              	HardFault_Handler:
  41              	.LFB37:
  63:Src/stm32l0xx_it.c **** 
  64:Src/stm32l0xx_it.c **** /**
  65:Src/stm32l0xx_it.c **** * @brief This function handles Hard fault interrupt.
  66:Src/stm32l0xx_it.c **** */
  67:Src/stm32l0xx_it.c **** void HardFault_Handler(void)
  68:Src/stm32l0xx_it.c **** {
  42              		.loc 1 68 0
  43              		.cfi_startproc
  44              	.L3:
  69:Src/stm32l0xx_it.c ****   /* USER CODE BEGIN HardFault_IRQn 0 */
  70:Src/stm32l0xx_it.c **** 
  71:Src/stm32l0xx_it.c ****   /* USER CODE END HardFault_IRQn 0 */
  72:Src/stm32l0xx_it.c ****   while (1)
  73:Src/stm32l0xx_it.c ****   {
ARM GAS  /tmp/ccztG7uS.s 			page 3


  74:Src/stm32l0xx_it.c ****     /* USER CODE BEGIN W1_HardFault_IRQn 0 */
  75:Src/stm32l0xx_it.c ****     /* USER CODE END W1_HardFault_IRQn 0 */
  76:Src/stm32l0xx_it.c ****   }
  45              		.loc 1 76 0 discriminator 1
  46 0000 FEE7     		b	.L3
  47              		.cfi_endproc
  48              	.LFE37:
  50 0002 C046     		.section	.text.SVC_Handler,"ax",%progbits
  51              		.align	2
  52              		.global	SVC_Handler
  53              		.code	16
  54              		.thumb_func
  56              	SVC_Handler:
  57              	.LFB38:
  77:Src/stm32l0xx_it.c ****   /* USER CODE BEGIN HardFault_IRQn 1 */
  78:Src/stm32l0xx_it.c **** 
  79:Src/stm32l0xx_it.c ****   /* USER CODE END HardFault_IRQn 1 */
  80:Src/stm32l0xx_it.c **** }
  81:Src/stm32l0xx_it.c **** 
  82:Src/stm32l0xx_it.c **** /**
  83:Src/stm32l0xx_it.c **** * @brief This function handles System service call via SWI instruction.
  84:Src/stm32l0xx_it.c **** */
  85:Src/stm32l0xx_it.c **** void SVC_Handler(void)
  86:Src/stm32l0xx_it.c **** {
  58              		.loc 1 86 0
  59              		.cfi_startproc
  87:Src/stm32l0xx_it.c ****   /* USER CODE BEGIN SVC_IRQn 0 */
  88:Src/stm32l0xx_it.c **** 
  89:Src/stm32l0xx_it.c ****   /* USER CODE END SVC_IRQn 0 */
  90:Src/stm32l0xx_it.c ****   /* USER CODE BEGIN SVC_IRQn 1 */
  91:Src/stm32l0xx_it.c **** 
  92:Src/stm32l0xx_it.c ****   /* USER CODE END SVC_IRQn 1 */
  93:Src/stm32l0xx_it.c **** }
  60              		.loc 1 93 0
  61              		@ sp needed
  62 0000 7047     		bx	lr
  63              		.cfi_endproc
  64              	.LFE38:
  66 0002 C046     		.section	.text.PendSV_Handler,"ax",%progbits
  67              		.align	2
  68              		.global	PendSV_Handler
  69              		.code	16
  70              		.thumb_func
  72              	PendSV_Handler:
  73              	.LFB39:
  94:Src/stm32l0xx_it.c **** 
  95:Src/stm32l0xx_it.c **** /**
  96:Src/stm32l0xx_it.c **** * @brief This function handles Pendable request for system service.
  97:Src/stm32l0xx_it.c **** */
  98:Src/stm32l0xx_it.c **** void PendSV_Handler(void)
  99:Src/stm32l0xx_it.c **** {
  74              		.loc 1 99 0
  75              		.cfi_startproc
 100:Src/stm32l0xx_it.c ****   /* USER CODE BEGIN PendSV_IRQn 0 */
 101:Src/stm32l0xx_it.c **** 
 102:Src/stm32l0xx_it.c ****   /* USER CODE END PendSV_IRQn 0 */
 103:Src/stm32l0xx_it.c ****   /* USER CODE BEGIN PendSV_IRQn 1 */
ARM GAS  /tmp/ccztG7uS.s 			page 4


 104:Src/stm32l0xx_it.c **** 
 105:Src/stm32l0xx_it.c ****   /* USER CODE END PendSV_IRQn 1 */
 106:Src/stm32l0xx_it.c **** }
  76              		.loc 1 106 0
  77              		@ sp needed
  78 0000 7047     		bx	lr
  79              		.cfi_endproc
  80              	.LFE39:
  82 0002 C046     		.section	.text.SysTick_Handler,"ax",%progbits
  83              		.align	2
  84              		.global	SysTick_Handler
  85              		.code	16
  86              		.thumb_func
  88              	SysTick_Handler:
  89              	.LFB40:
 107:Src/stm32l0xx_it.c **** 
 108:Src/stm32l0xx_it.c **** /**
 109:Src/stm32l0xx_it.c **** * @brief This function handles System tick timer.
 110:Src/stm32l0xx_it.c **** */
 111:Src/stm32l0xx_it.c **** void SysTick_Handler(void)
 112:Src/stm32l0xx_it.c **** {
  90              		.loc 1 112 0
  91              		.cfi_startproc
  92 0000 08B5     		push	{r3, lr}
  93              	.LCFI0:
  94              		.cfi_def_cfa_offset 8
  95              		.cfi_offset 3, -8
  96              		.cfi_offset 14, -4
 113:Src/stm32l0xx_it.c ****   /* USER CODE BEGIN SysTick_IRQn 0 */
 114:Src/stm32l0xx_it.c **** 
 115:Src/stm32l0xx_it.c ****   /* USER CODE END SysTick_IRQn 0 */
 116:Src/stm32l0xx_it.c ****   HAL_IncTick();
  97              		.loc 1 116 0
  98 0002 FFF7FEFF 		bl	HAL_IncTick
  99              	.LVL0:
 117:Src/stm32l0xx_it.c ****   HAL_SYSTICK_IRQHandler();
 100              		.loc 1 117 0
 101 0006 FFF7FEFF 		bl	HAL_SYSTICK_IRQHandler
 102              	.LVL1:
 118:Src/stm32l0xx_it.c ****   /* USER CODE BEGIN SysTick_IRQn 1 */
 119:Src/stm32l0xx_it.c **** 
 120:Src/stm32l0xx_it.c ****   /* USER CODE END SysTick_IRQn 1 */
 121:Src/stm32l0xx_it.c **** }
 103              		.loc 1 121 0
 104              		@ sp needed
 105 000a 08BD     		pop	{r3, pc}
 106              		.cfi_endproc
 107              	.LFE40:
 109              		.section	.text.TIM2_IRQHandler,"ax",%progbits
 110              		.align	2
 111              		.global	TIM2_IRQHandler
 112              		.code	16
 113              		.thumb_func
 115              	TIM2_IRQHandler:
 116              	.LFB41:
 122:Src/stm32l0xx_it.c **** 
 123:Src/stm32l0xx_it.c **** /******************************************************************************/
ARM GAS  /tmp/ccztG7uS.s 			page 5


 124:Src/stm32l0xx_it.c **** /* STM32L0xx Peripheral Interrupt Handlers                                    */
 125:Src/stm32l0xx_it.c **** /* Add here the Interrupt Handlers for the used peripherals.                  */
 126:Src/stm32l0xx_it.c **** /* For the available peripheral interrupt handler names,                      */
 127:Src/stm32l0xx_it.c **** /* please refer to the startup file (startup_stm32l0xx.s).                    */
 128:Src/stm32l0xx_it.c **** /******************************************************************************/
 129:Src/stm32l0xx_it.c **** 
 130:Src/stm32l0xx_it.c **** /**
 131:Src/stm32l0xx_it.c **** * @brief This function handles TIM2 global interrupt.
 132:Src/stm32l0xx_it.c **** */
 133:Src/stm32l0xx_it.c **** void TIM2_IRQHandler(void)
 134:Src/stm32l0xx_it.c **** {
 117              		.loc 1 134 0
 118              		.cfi_startproc
 119 0000 08B5     		push	{r3, lr}
 120              	.LCFI1:
 121              		.cfi_def_cfa_offset 8
 122              		.cfi_offset 3, -8
 123              		.cfi_offset 14, -4
 135:Src/stm32l0xx_it.c ****   /* USER CODE BEGIN TIM2_IRQn 0 */
 136:Src/stm32l0xx_it.c **** 
 137:Src/stm32l0xx_it.c ****   /* USER CODE END TIM2_IRQn 0 */
 138:Src/stm32l0xx_it.c ****   HAL_TIM_IRQHandler(&htim2);
 124              		.loc 1 138 0
 125 0002 0248     		ldr	r0, .L8
 126 0004 FFF7FEFF 		bl	HAL_TIM_IRQHandler
 127              	.LVL2:
 139:Src/stm32l0xx_it.c ****   /* USER CODE BEGIN TIM2_IRQn 1 */
 140:Src/stm32l0xx_it.c **** 
 141:Src/stm32l0xx_it.c ****   /* USER CODE END TIM2_IRQn 1 */
 142:Src/stm32l0xx_it.c **** }
 128              		.loc 1 142 0
 129              		@ sp needed
 130 0008 08BD     		pop	{r3, pc}
 131              	.L9:
 132 000a C046     		.align	2
 133              	.L8:
 134 000c 00000000 		.word	htim2
 135              		.cfi_endproc
 136              	.LFE41:
 138              		.section	.text.TIM6_IRQHandler,"ax",%progbits
 139              		.align	2
 140              		.global	TIM6_IRQHandler
 141              		.code	16
 142              		.thumb_func
 144              	TIM6_IRQHandler:
 145              	.LFB42:
 143:Src/stm32l0xx_it.c **** 
 144:Src/stm32l0xx_it.c **** /**
 145:Src/stm32l0xx_it.c **** * @brief This function handles TIM6 global interrupt and DAC1/DAC2 underrun error interrupts.
 146:Src/stm32l0xx_it.c **** */
 147:Src/stm32l0xx_it.c **** void TIM6_DAC_IRQHandler(void)
 148:Src/stm32l0xx_it.c **** {
 146              		.loc 1 148 0
 147              		.cfi_startproc
 148 0000 08B5     		push	{r3, lr}
 149              	.LCFI2:
 150              		.cfi_def_cfa_offset 8
ARM GAS  /tmp/ccztG7uS.s 			page 6


 151              		.cfi_offset 3, -8
 152              		.cfi_offset 14, -4
 149:Src/stm32l0xx_it.c ****   /* USER CODE BEGIN TIM6_DAC_IRQn 0 */
 150:Src/stm32l0xx_it.c **** 
 151:Src/stm32l0xx_it.c ****   /* USER CODE END TIM6_DAC_IRQn 0 */
 152:Src/stm32l0xx_it.c ****   HAL_TIM_IRQHandler(&htim6);
 153              		.loc 1 152 0
 154 0002 0248     		ldr	r0, .L11
 155 0004 FFF7FEFF 		bl	HAL_TIM_IRQHandler
 156              	.LVL3:
 153:Src/stm32l0xx_it.c ****   /* USER CODE BEGIN TIM6_DAC_IRQn 1 */
 154:Src/stm32l0xx_it.c **** 
 155:Src/stm32l0xx_it.c ****   /* USER CODE END TIM6_DAC_IRQn 1 */
 156:Src/stm32l0xx_it.c **** }
 157              		.loc 1 156 0
 158              		@ sp needed
 159 0008 08BD     		pop	{r3, pc}
 160              	.L12:
 161 000a C046     		.align	2
 162              	.L11:
 163 000c 00000000 		.word	htim6
 164              		.cfi_endproc
 165              	.LFE42:
 167              		.section	.text.TIM21_IRQHandler,"ax",%progbits
 168              		.align	2
 169              		.global	TIM21_IRQHandler
 170              		.code	16
 171              		.thumb_func
 173              	TIM21_IRQHandler:
 174              	.LFB43:
 157:Src/stm32l0xx_it.c **** 
 158:Src/stm32l0xx_it.c **** /**
 159:Src/stm32l0xx_it.c **** * @brief This function handles TIM21 global interrupt.
 160:Src/stm32l0xx_it.c **** */
 161:Src/stm32l0xx_it.c **** void TIM21_IRQHandler(void)
 162:Src/stm32l0xx_it.c **** {
 175              		.loc 1 162 0
 176              		.cfi_startproc
 177 0000 08B5     		push	{r3, lr}
 178              	.LCFI3:
 179              		.cfi_def_cfa_offset 8
 180              		.cfi_offset 3, -8
 181              		.cfi_offset 14, -4
 163:Src/stm32l0xx_it.c ****   /* USER CODE BEGIN TIM21_IRQn 0 */
 164:Src/stm32l0xx_it.c **** 
 165:Src/stm32l0xx_it.c ****   /* USER CODE END TIM21_IRQn 0 */
 166:Src/stm32l0xx_it.c ****   HAL_TIM_IRQHandler(&htim21);
 182              		.loc 1 166 0
 183 0002 0248     		ldr	r0, .L14
 184 0004 FFF7FEFF 		bl	HAL_TIM_IRQHandler
 185              	.LVL4:
 167:Src/stm32l0xx_it.c ****   /* USER CODE BEGIN TIM21_IRQn 1 */
 168:Src/stm32l0xx_it.c **** 
 169:Src/stm32l0xx_it.c ****   /* USER CODE END TIM21_IRQn 1 */
 170:Src/stm32l0xx_it.c **** }
 186              		.loc 1 170 0
 187              		@ sp needed
ARM GAS  /tmp/ccztG7uS.s 			page 7


 188 0008 08BD     		pop	{r3, pc}
 189              	.L15:
 190 000a C046     		.align	2
 191              	.L14:
 192 000c 00000000 		.word	htim21
 193              		.cfi_endproc
 194              	.LFE43:
 196              		.section	.text.HAL_TIM_PeriodElapsedCallback,"ax",%progbits
 197              		.align	2
 198              		.global	HAL_TIM_PeriodElapsedCallback
 199              		.code	16
 200              		.thumb_func
 202              	HAL_TIM_PeriodElapsedCallback:
 203              	.LFB44:
 171:Src/stm32l0xx_it.c **** 
 172:Src/stm32l0xx_it.c **** extern int usec_timer_flag;
 173:Src/stm32l0xx_it.c **** void HAL_TIM_PeriodElapsedCallback(TIM_HandleTypeDef *htim)
 174:Src/stm32l0xx_it.c **** {
 204              		.loc 1 174 0
 205              		.cfi_startproc
 206              	.LVL5:
 175:Src/stm32l0xx_it.c **** 	// set flag
 176:Src/stm32l0xx_it.c **** 	usec_timer_flag = 1;
 207              		.loc 1 176 0
 208 0000 0122     		mov	r2, #1
 209 0002 014B     		ldr	r3, .L17
 210 0004 1A60     		str	r2, [r3]
 177:Src/stm32l0xx_it.c **** }
 211              		.loc 1 177 0
 212              		@ sp needed
 213 0006 7047     		bx	lr
 214              	.L18:
 215              		.align	2
 216              	.L17:
 217 0008 00000000 		.word	usec_timer_flag
 218              		.cfi_endproc
 219              	.LFE44:
 221              		.text
 222              	.Letext0:
 223              		.file 2 "/usr/include/newlib/machine/_default_types.h"
 224              		.file 3 "/usr/include/newlib/sys/_stdint.h"
 225              		.file 4 "Drivers/CMSIS/Device/ST/STM32L0xx/Include/stm32l051xx.h"
 226              		.file 5 "Drivers/STM32L0xx_HAL_Driver/Inc/stm32l0xx_hal_def.h"
 227              		.file 6 "Drivers/STM32L0xx_HAL_Driver/Inc/stm32l0xx_hal_dma.h"
 228              		.file 7 "Drivers/STM32L0xx_HAL_Driver/Inc/stm32l0xx_hal_tim.h"
 229              		.file 8 "Drivers/STM32L0xx_HAL_Driver/Inc/stm32l0xx_hal.h"
 230              		.file 9 "Drivers/STM32L0xx_HAL_Driver/Inc/stm32l0xx_hal_cortex.h"
ARM GAS  /tmp/ccztG7uS.s 			page 8


DEFINED SYMBOLS
                            *ABS*:0000000000000000 stm32l0xx_it.c
     /tmp/ccztG7uS.s:18     .text.NMI_Handler:0000000000000000 $t
     /tmp/ccztG7uS.s:23     .text.NMI_Handler:0000000000000000 NMI_Handler
     /tmp/ccztG7uS.s:35     .text.HardFault_Handler:0000000000000000 $t
     /tmp/ccztG7uS.s:40     .text.HardFault_Handler:0000000000000000 HardFault_Handler
     /tmp/ccztG7uS.s:51     .text.SVC_Handler:0000000000000000 $t
     /tmp/ccztG7uS.s:56     .text.SVC_Handler:0000000000000000 SVC_Handler
     /tmp/ccztG7uS.s:67     .text.PendSV_Handler:0000000000000000 $t
     /tmp/ccztG7uS.s:72     .text.PendSV_Handler:0000000000000000 PendSV_Handler
     /tmp/ccztG7uS.s:83     .text.SysTick_Handler:0000000000000000 $t
     /tmp/ccztG7uS.s:88     .text.SysTick_Handler:0000000000000000 SysTick_Handler
     /tmp/ccztG7uS.s:110    .text.TIM2_IRQHandler:0000000000000000 $t
     /tmp/ccztG7uS.s:115    .text.TIM2_IRQHandler:0000000000000000 TIM2_IRQHandler
     /tmp/ccztG7uS.s:134    .text.TIM2_IRQHandler:000000000000000c $d
     /tmp/ccztG7uS.s:139    .text.TIM6_IRQHandler:0000000000000000 $t
     /tmp/ccztG7uS.s:144    .text.TIM6_IRQHandler:0000000000000000 TIM6_IRQHandler
     /tmp/ccztG7uS.s:163    .text.TIM6_IRQHandler:000000000000000c $d
     /tmp/ccztG7uS.s:168    .text.TIM21_IRQHandler:0000000000000000 $t
     /tmp/ccztG7uS.s:173    .text.TIM21_IRQHandler:0000000000000000 TIM21_IRQHandler
     /tmp/ccztG7uS.s:192    .text.TIM21_IRQHandler:000000000000000c $d
     /tmp/ccztG7uS.s:197    .text.HAL_TIM_PeriodElapsedCallback:0000000000000000 $t
     /tmp/ccztG7uS.s:202    .text.HAL_TIM_PeriodElapsedCallback:0000000000000000 HAL_TIM_PeriodElapsedCallback
     /tmp/ccztG7uS.s:217    .text.HAL_TIM_PeriodElapsedCallback:0000000000000008 $d
                     .debug_frame:0000000000000010 $d

UNDEFINED SYMBOLS
HAL_IncTick
HAL_SYSTICK_IRQHandler
HAL_TIM_IRQHandler
htim2
htim6
htim21
usec_timer_flag
